#
# A fatal error has been detected by the Java Runtime Environment:
#
#  EXCEPTION_ACCESS_VIOLATION (0xc0000005) at pc=0x000000007110b5db, pid=42628, tid=43696
#
# JRE version: Java(TM) SE Runtime Environment (20.0.1+9) (build 20.0.1+9-29)
# Java VM: Java HotSpot(TM) 64-Bit Server VM (20.0.1+9-29, mixed mode, sharing, tiered, compressed oops, compressed class ptrs, g1 gc, windows-amd64)
# Problematic frame:
# C  [jSSC-2.8_x86_64.dll+0xb5db]
#
# No core dump will be written. Minidumps are not enabled by default on client versions of Windows
#
# If you would like to submit a bug report, please visit:
#   https://bugreport.java.com/bugreport/crash.jsp
# The crash happened outside the Java Virtual Machine in native code.
# See problematic frame for where to report the bug.
#

---------------  S U M M A R Y ------------

Command Line: -Dfile.encoding=UTF-8 projectwitharduino.ProjectWithArduino

Host: 11th Gen Intel(R) Core(TM) i7-1165G7 @ 2.80GHz, 8 cores, 15G,  Windows 11 , 64 bit Build 22621 (10.0.22621.1928)
Time: Thu Aug  3 15:01:52 2023 Hora oficial do Brasil elapsed time: 0.115168 seconds (0d 0h 0m 0s)

---------------  T H R E A D  ---------------

Current thread (0x000001ccf00969c0):  JavaThread "main" [_thread_in_native, id=43696, stack(0x0000007448300000,0x0000007448400000)]

Stack: [0x0000007448300000,0x0000007448400000],  sp=0x00000074483fecb0,  free space=1019k
Native frames: (J=compiled Java code, j=interpreted, Vv=VM code, C=native code)
C  [jSSC-2.8_x86_64.dll+0xb5db]

Java frames: (J=compiled Java code, j=interpreted, Vv=VM code)
j  jssc.SerialNativeInterface.openPort(Ljava/lang/String;Z)J+0
j  jssc.SerialPort.openPort()Z+65
j  com.panamahitek.PanamaHitek_Arduino.arduinoTX(Ljava/lang/String;I)V+58
j  projectwitharduino.Device.<init>(Ljava/lang/String;IDDLjava/lang/String;D)V+86
j  projectwitharduino.Manager.AddDevice(Ljava/lang/String;IDDLjava/lang/String;D)V+13
j  projectwitharduino.ProjectWithArduino.main([Ljava/lang/String;)V+39
v  ~StubRoutines::call_stub 0x000001cc875310e7

siginfo: EXCEPTION_ACCESS_VIOLATION (0xc0000005), reading address 0xffffffffee0b19cc


Registers:
RAX=0xffffffffee0b19cc, RBX=0x00000074483fed20, RCX=0x00007ffd400eef34, RDX=0x0000000000000000
RSP=0x00000074483fecb0, RBP=0x00000074483fee30, RSI=0x000001ccf0096ca0, RDI=0x000000000000040c
R8 =0x00000074483feba8, R9 =0x0000000000000000, R10=0x0000000000000000, R11=0x0000000000000246
R12=0x00000074483feef0, R13=0x000001cc93a4ec10, R14=0x00000074483fede0, R15=0x000001ccf00969c0
RIP=0x000000007110b5db, EFLAGS=0x0000000000010202


Register to memory mapping:

RIP=0x000000007110b5db jSSC-2.8_x86_64.dll
RAX=0xffffffffee0b19cc is an unknown value
RBX=0x00000074483fed20 is pointing into the stack for thread: 0x000001ccf00969c0
RCX=0x00007ffd400eef34 ntdll.dll
RDX=0x0 is NULL
RSP=0x00000074483fecb0 is pointing into the stack for thread: 0x000001ccf00969c0
RBP=0x00000074483fee30 is pointing into the stack for thread: 0x000001ccf00969c0
RSI=0x000001ccf0096ca0 points into unknown readable memory: 0x00007ffccd8856c0 | c0 56 88 cd fc 7f 00 00
RDI=0x000000000000040c is an unknown value
R8 =0x00000074483feba8 is pointing into the stack for thread: 0x000001ccf00969c0
R9 =0x0 is NULL
R10=0x0 is NULL
R11=0x0000000000000246 is an unknown value
R12=0x00000074483feef0 is pointing into the stack for thread: 0x000001ccf00969c0
R13=0x000001cc93a4ec10 points into unknown readable memory: 0x00690000334d4f43 | 43 4f 4d 33 00 00 69 00
R14=0x00000074483fede0 is pointing into the stack for thread: 0x000001ccf00969c0
R15=0x000001ccf00969c0 is a thread


Top of Stack: (sp=0x00000074483fecb0)
0x00000074483fecb0:   0000000000000000 0000000000000000
0x00000074483fecc0:   000000007110b230 00007ffcccdfce95
0x00000074483fecd0:   000001ccf00969c0 0000000000000004
0x00000074483fece0:   000001ccf0096ca0 000000000000040c
0x00000074483fecf0:   00000074483fee30 0000000071112590
0x00000074483fed00:   000001cc93a4ec00 000001ccedef0000
0x00000074483fed10:   00000074483fee30 0000000000000000
0x00000074483fed20:   0000000000000000 0000000000000000
0x00000074483fed30:   000000000000040c 00007ffd3dbd37eb
0x00000074483fed40:   000001cc93a4ec10 000001ccf0096ca0
0x00000074483fed50:   0000000071113500 0000000071113be8
0x00000074483fed60:   00000074483fed90 0000000071112641
0x00000074483fed70:   00000074483fed00 0000000000000000
0x00000074483fed80:   0000000000000000 0000000000000000
0x00000074483fed90:   00000074483fee30 0000000071101595
0x00000074483feda0:   000000000000001c 00000074483fedf0
0x00000074483fedb0:   0000000000000004 00000074483fee30
0x00000074483fedc0:   000001cc00000003 00007ffc40000000
0x00000074483fedd0:   0000000000000000 0000000000000996
0x00000074483fede0:   334d4f435c2e5c5c 000001ccf0096900
0x00000074483fedf0:   000001005c2e5c5c 000001ccf00969c0
0x00000074483fee00:   000001cc8fc21798 000000000000013a
0x00000074483fee10:   000001cc8f83f708 0000000000000000
0x00000074483fee20:   000001cc8fc21798 00000074483feef8
0x00000074483fee30:   00000074483feec8 000001cc875520f3
0x00000074483fee40:   000001cc8f83f708 000001cc87551dd9
0x00000074483fee50:   000001cc8fc21798 000000000000013a
0x00000074483fee60:   00000074483fee90 00000074483feee8
0x00000074483fee70:   000001cc8754dfe3 000001cc87551d96
0x00000074483fee80:   00000074483fee80 000001cc8fc21798
0x00000074483fee90:   00000074483feef8 000001cc8fc226d8
0x00000074483feea0:   0000000000000000 0000000713bf3b70 

Instructions: (pc=0x000000007110b5db)
0x000000007110b4db:   48 85 c0 74 bf 44 8b 03 45 85 c0 0f 84 77 ff ff
0x000000007110b4eb:   ff eb 9f 66 90 e8 8b fe ff ff 48 89 05 0c 34 01
0x000000007110b4fb:   00 eb ad 66 90 e8 7b fe ff ff 48 89 05 fc 33 01
0x000000007110b50b:   00 eb 8b e8 8d fe ff ff c7 03 01 00 00 00 e9 6f
0x000000007110b51b:   ff ff ff 66 90 55 48 89 e5 56 53 48 83 ec 20 48
0x000000007110b52b:   8b 05 d7 33 01 00 48 8b 31 48 89 cb 48 85 c0 74
0x000000007110b53b:   56 44 8b 18 45 85 db 78 42 48 8b 05 bd 33 01 00
0x000000007110b54b:   48 85 c0 74 50 44 8b 10 45 85 d2 74 1d 48 89 f1
0x000000007110b55b:   e8 d0 fd ff ff 48 8b 13 48 8d 42 40 48 8b 48 08
0x000000007110b56b:   48 8b 6a 40 48 8b 60 10 ff e1 48 8b 05 9c 33 01
0x000000007110b57b:   00 48 85 c0 74 2d 48 89 30 eb da e8 b5 fe ff ff
0x000000007110b58b:   0f 1f 44 00 00 eb b2 e8 e9 fd ff ff 48 89 05 6a
0x000000007110b59b:   33 01 00 eb 9c e8 db fd ff ff 48 89 05 5c 33 01
0x000000007110b5ab:   00 eb a2 e8 3d fd ff ff 48 89 05 5e 33 01 00 eb
0x000000007110b5bb:   c5 0f 1f 40 00 55 57 56 53 48 83 ec 28 48 8b 05
0x000000007110b5cb:   39 33 01 00 48 89 cb 48 85 c0 0f 84 c5 00 00 00
0x000000007110b5db:   8b 38 85 ff 0f 88 ab 00 00 00 48 8b 05 1c 33 01
0x000000007110b5eb:   00 48 85 c0 0f 84 bc 00 00 00 8b 30 85 f6 74 57
0x000000007110b5fb:   48 8b 05 0e 33 01 00 48 85 c0 0f 84 e5 00 00 00
0x000000007110b60b:   8b 28 48 8b 35 10 5e 01 00 ff d6 89 c7 89 e9 ff
0x000000007110b61b:   15 f4 5e 01 00 89 f9 48 89 c5 ff 15 b9 5e 01 00
0x000000007110b62b:   48 8b 05 de 32 01 00 48 89 2b 48 85 c0 74 46 48
0x000000007110b63b:   89 da 8b 08 ff 15 d7 5e 01 00 85 c0 74 27 48 83
0x000000007110b64b:   c4 28 5b 5e 5f 5d c3 48 8b 05 bf 32 01 00 48 85
0x000000007110b65b:   c0 74 64 48 8b 10 48 89 13 48 89 18 48 83 c4 28
0x000000007110b66b:   5b 5e 5f 5d c3 48 89 f2 48 83 c4 28 5b 5e 5f 5d
0x000000007110b67b:   48 ff e2 66 90 e8 8b fc ff ff 48 89 05 84 32 01
0x000000007110b68b:   00 eb ac 66 90 e8 ab fd ff ff e9 4b ff ff ff 66
0x000000007110b69b:   0f 1f 44 00 00 e8 db fc ff ff 48 89 05 5c 32 01
0x000000007110b6ab:   00 e9 2a ff ff ff e8 ca fc ff ff 48 89 05 4b 32
0x000000007110b6bb:   01 00 e9 33 ff ff ff e8 29 fc ff ff 48 89 05 4a
0x000000007110b6cb:   32 01 00 48 8b 10 48 85 c0 48 89 13 75 8b e8 12 


Stack slot to memory mapping:
stack at sp + 0 slots: 0x0 is NULL
stack at sp + 1 slots: 0x0 is NULL
stack at sp + 2 slots: 0x000000007110b230 jSSC-2.8_x86_64.dll
stack at sp + 3 slots: 0x00007ffcccdfce95 jvm.dll
stack at sp + 4 slots: 0x000001ccf00969c0 is a thread
stack at sp + 5 slots: 0x0000000000000004 is an unknown value
stack at sp + 6 slots: 0x000001ccf0096ca0 points into unknown readable memory: 0x00007ffccd8856c0 | c0 56 88 cd fc 7f 00 00
stack at sp + 7 slots: 0x000000000000040c is an unknown value


---------------  P R O C E S S  ---------------

Threads class SMR info:
_java_thread_list=0x000001cc939e83e0, length=12, elements={
0x000001ccf00969c0, 0x000001cc8f5ed690, 0x000001cc8f5ee2c0, 0x000001cc8f5f1240,
0x000001cc8f5f4180, 0x000001cc8f5f7ea0, 0x000001cc8f5f8cd0, 0x000001cc8f603600,
0x000001cc8f6075b0, 0x000001cc93905870, 0x000001cc93916080, 0x000001cc939e7c20
}

Java Threads: ( => current thread )
=>0x000001ccf00969c0 JavaThread "main" [_thread_in_native, id=43696, stack(0x0000007448300000,0x0000007448400000)]
  0x000001cc8f5ed690 JavaThread "Reference Handler" daemon [_thread_blocked, id=47944, stack(0x0000007448a00000,0x0000007448b00000)]
  0x000001cc8f5ee2c0 JavaThread "Finalizer" daemon [_thread_blocked, id=38208, stack(0x0000007448b00000,0x0000007448c00000)]
  0x000001cc8f5f1240 JavaThread "Signal Dispatcher" daemon [_thread_blocked, id=37436, stack(0x0000007448c00000,0x0000007448d00000)]
  0x000001cc8f5f4180 JavaThread "Attach Listener" daemon [_thread_blocked, id=47828, stack(0x0000007448d00000,0x0000007448e00000)]
  0x000001cc8f5f7ea0 JavaThread "Service Thread" daemon [_thread_blocked, id=23648, stack(0x0000007448e00000,0x0000007448f00000)]
  0x000001cc8f5f8cd0 JavaThread "Monitor Deflation Thread" daemon [_thread_blocked, id=45384, stack(0x0000007448f00000,0x0000007449000000)]
  0x000001cc8f603600 JavaThread "C2 CompilerThread0" daemon [_thread_blocked, id=6152, stack(0x0000007449000000,0x0000007449100000)]
  0x000001cc8f6075b0 JavaThread "C1 CompilerThread0" daemon [_thread_blocked, id=26720, stack(0x0000007449100000,0x0000007449200000)]
  0x000001cc93905870 JavaThread "Notification Thread" daemon [_thread_blocked, id=46840, stack(0x0000007449200000,0x0000007449300000)]
  0x000001cc93916080 JavaThread "Common-Cleaner" daemon [_thread_blocked, id=34636, stack(0x0000007449400000,0x0000007449500000)]
  0x000001cc939e7c20 JavaThread "C2 CompilerThread1" daemon [_thread_blocked, id=45996, stack(0x0000007449500000,0x0000007449600000)]

Other Threads:
  0x000001cc8f5d0420 VMThread "VM Thread" [stack: 0x0000007448900000,0x0000007448a00000] [id=47312]
  0x000001cc93907f90 WatcherThread "VM Periodic Task Thread" [stack: 0x0000007449300000,0x0000007449400000] [id=27116]
  0x000001ccf0107150 WorkerThread "GC Thread#0" [stack: 0x0000007448400000,0x0000007448500000] [id=28428]
  0x000001ccf0117cb0 ConcurrentGCThread "G1 Main Marker" [stack: 0x0000007448500000,0x0000007448600000] [id=30172]
  0x000001ccf01186e0 WorkerThread "G1 Conc#0" [stack: 0x0000007448600000,0x0000007448700000] [id=43916]
  0x000001ccf015e830 ConcurrentGCThread "G1 Refine#0" [stack: 0x0000007448700000,0x0000007448800000] [id=47932]
  0x000001cc8f492350 ConcurrentGCThread "G1 Service" [stack: 0x0000007448800000,0x0000007448900000] [id=48004]

Threads with active compile tasks:

VM state: not at safepoint (normal execution)

VM Mutex/Monitor currently owned by a thread: None

Heap address: 0x0000000704200000, size: 4030 MB, Compressed Oops mode: Zero based, Oop shift amount: 3

CDS archive(s) mapped at: [0x0000000800000000-0x0000000800c60000-0x0000000800c60000), size 12976128, SharedBaseAddress: 0x0000000800000000, ArchiveRelocationMode: 0.
Compressed class space mapped at: 0x0000000801000000-0x0000000841000000, reserved size: 1073741824
Narrow klass base: 0x0000000800000000, Narrow klass shift: 0, Narrow klass range: 0x100000000

GC Precious Log:
 CardTable entry size: 512
 Card Set container configuration: InlinePtr #cards 4 size 8 Array Of Cards #cards 16 size 48 Howl #buckets 8 coarsen threshold 3686 Howl Bitmap #cards 512 size 80 coarsen threshold 460 Card regions per heap region 1 cards per card region 4096
 CPUs: 8 total, 8 available
 Memory: 16118M
 Large Page Support: Disabled
 NUMA Support: Disabled
 Compressed Oops: Enabled (Zero based)
 Heap Region Size: 2M
 Heap Min Capacity: 8M
 Heap Initial Capacity: 252M
 Heap Max Capacity: 4030M
 Pre-touch: Disabled
 Parallel Workers: 8
 Concurrent Workers: 2
 Concurrent Refinement Workers: 8
 Periodic GC: Disabled

Heap:
 garbage-first heap   total 258048K, used 2048K [0x0000000704200000, 0x0000000800000000)
  region size 2048K, 2 young (4096K), 0 survivors (0K)
 Metaspace       used 711K, committed 896K, reserved 1114112K
  class space    used 59K, committed 128K, reserved 1048576K

Heap Regions: E=young(eden), S=young(survivor), O=old, HS=humongous(starts), HC=humongous(continues), CS=collection set, F=free, OA=open archive, CA=closed archive, TAMS=top-at-mark-start, PB=parsable bottom
|   0|0x0000000704200000, 0x0000000704200000, 0x0000000704400000|  0%| F|  |TAMS 0x0000000704200000| PB 0x0000000704200000| Untracked 
|   1|0x0000000704400000, 0x0000000704400000, 0x0000000704600000|  0%| F|  |TAMS 0x0000000704400000| PB 0x0000000704400000| Untracked 
|   2|0x0000000704600000, 0x0000000704600000, 0x0000000704800000|  0%| F|  |TAMS 0x0000000704600000| PB 0x0000000704600000| Untracked 
|   3|0x0000000704800000, 0x0000000704800000, 0x0000000704a00000|  0%| F|  |TAMS 0x0000000704800000| PB 0x0000000704800000| Untracked 
|   4|0x0000000704a00000, 0x0000000704a00000, 0x0000000704c00000|  0%| F|  |TAMS 0x0000000704a00000| PB 0x0000000704a00000| Untracked 
|   5|0x0000000704c00000, 0x0000000704c00000, 0x0000000704e00000|  0%| F|  |TAMS 0x0000000704c00000| PB 0x0000000704c00000| Untracked 
|   6|0x0000000704e00000, 0x0000000704e00000, 0x0000000705000000|  0%| F|  |TAMS 0x0000000704e00000| PB 0x0000000704e00000| Untracked 
|   7|0x0000000705000000, 0x0000000705000000, 0x0000000705200000|  0%| F|  |TAMS 0x0000000705000000| PB 0x0000000705000000| Untracked 
|   8|0x0000000705200000, 0x0000000705200000, 0x0000000705400000|  0%| F|  |TAMS 0x0000000705200000| PB 0x0000000705200000| Untracked 
|   9|0x0000000705400000, 0x0000000705400000, 0x0000000705600000|  0%| F|  |TAMS 0x0000000705400000| PB 0x0000000705400000| Untracked 
|  10|0x0000000705600000, 0x0000000705600000, 0x0000000705800000|  0%| F|  |TAMS 0x0000000705600000| PB 0x0000000705600000| Untracked 
|  11|0x0000000705800000, 0x0000000705800000, 0x0000000705a00000|  0%| F|  |TAMS 0x0000000705800000| PB 0x0000000705800000| Untracked 
|  12|0x0000000705a00000, 0x0000000705a00000, 0x0000000705c00000|  0%| F|  |TAMS 0x0000000705a00000| PB 0x0000000705a00000| Untracked 
|  13|0x0000000705c00000, 0x0000000705c00000, 0x0000000705e00000|  0%| F|  |TAMS 0x0000000705c00000| PB 0x0000000705c00000| Untracked 
|  14|0x0000000705e00000, 0x0000000705e00000, 0x0000000706000000|  0%| F|  |TAMS 0x0000000705e00000| PB 0x0000000705e00000| Untracked 
|  15|0x0000000706000000, 0x0000000706000000, 0x0000000706200000|  0%| F|  |TAMS 0x0000000706000000| PB 0x0000000706000000| Untracked 
|  16|0x0000000706200000, 0x0000000706200000, 0x0000000706400000|  0%| F|  |TAMS 0x0000000706200000| PB 0x0000000706200000| Untracked 
|  17|0x0000000706400000, 0x0000000706400000, 0x0000000706600000|  0%| F|  |TAMS 0x0000000706400000| PB 0x0000000706400000| Untracked 
|  18|0x0000000706600000, 0x0000000706600000, 0x0000000706800000|  0%| F|  |TAMS 0x0000000706600000| PB 0x0000000706600000| Untracked 
|  19|0x0000000706800000, 0x0000000706800000, 0x0000000706a00000|  0%| F|  |TAMS 0x0000000706800000| PB 0x0000000706800000| Untracked 
|  20|0x0000000706a00000, 0x0000000706a00000, 0x0000000706c00000|  0%| F|  |TAMS 0x0000000706a00000| PB 0x0000000706a00000| Untracked 
|  21|0x0000000706c00000, 0x0000000706c00000, 0x0000000706e00000|  0%| F|  |TAMS 0x0000000706c00000| PB 0x0000000706c00000| Untracked 
|  22|0x0000000706e00000, 0x0000000706e00000, 0x0000000707000000|  0%| F|  |TAMS 0x0000000706e00000| PB 0x0000000706e00000| Untracked 
|  23|0x0000000707000000, 0x0000000707000000, 0x0000000707200000|  0%| F|  |TAMS 0x0000000707000000| PB 0x0000000707000000| Untracked 
|  24|0x0000000707200000, 0x0000000707200000, 0x0000000707400000|  0%| F|  |TAMS 0x0000000707200000| PB 0x0000000707200000| Untracked 
|  25|0x0000000707400000, 0x0000000707400000, 0x0000000707600000|  0%| F|  |TAMS 0x0000000707400000| PB 0x0000000707400000| Untracked 
|  26|0x0000000707600000, 0x0000000707600000, 0x0000000707800000|  0%| F|  |TAMS 0x0000000707600000| PB 0x0000000707600000| Untracked 
|  27|0x0000000707800000, 0x0000000707800000, 0x0000000707a00000|  0%| F|  |TAMS 0x0000000707800000| PB 0x0000000707800000| Untracked 
|  28|0x0000000707a00000, 0x0000000707a00000, 0x0000000707c00000|  0%| F|  |TAMS 0x0000000707a00000| PB 0x0000000707a00000| Untracked 
|  29|0x0000000707c00000, 0x0000000707c00000, 0x0000000707e00000|  0%| F|  |TAMS 0x0000000707c00000| PB 0x0000000707c00000| Untracked 
|  30|0x0000000707e00000, 0x0000000707e00000, 0x0000000708000000|  0%| F|  |TAMS 0x0000000707e00000| PB 0x0000000707e00000| Untracked 
|  31|0x0000000708000000, 0x0000000708000000, 0x0000000708200000|  0%| F|  |TAMS 0x0000000708000000| PB 0x0000000708000000| Untracked 
|  32|0x0000000708200000, 0x0000000708200000, 0x0000000708400000|  0%| F|  |TAMS 0x0000000708200000| PB 0x0000000708200000| Untracked 
|  33|0x0000000708400000, 0x0000000708400000, 0x0000000708600000|  0%| F|  |TAMS 0x0000000708400000| PB 0x0000000708400000| Untracked 
|  34|0x0000000708600000, 0x0000000708600000, 0x0000000708800000|  0%| F|  |TAMS 0x0000000708600000| PB 0x0000000708600000| Untracked 
|  35|0x0000000708800000, 0x0000000708800000, 0x0000000708a00000|  0%| F|  |TAMS 0x0000000708800000| PB 0x0000000708800000| Untracked 
|  36|0x0000000708a00000, 0x0000000708a00000, 0x0000000708c00000|  0%| F|  |TAMS 0x0000000708a00000| PB 0x0000000708a00000| Untracked 
|  37|0x0000000708c00000, 0x0000000708c00000, 0x0000000708e00000|  0%| F|  |TAMS 0x0000000708c00000| PB 0x0000000708c00000| Untracked 
|  38|0x0000000708e00000, 0x0000000708e00000, 0x0000000709000000|  0%| F|  |TAMS 0x0000000708e00000| PB 0x0000000708e00000| Untracked 
|  39|0x0000000709000000, 0x0000000709000000, 0x0000000709200000|  0%| F|  |TAMS 0x0000000709000000| PB 0x0000000709000000| Untracked 
|  40|0x0000000709200000, 0x0000000709200000, 0x0000000709400000|  0%| F|  |TAMS 0x0000000709200000| PB 0x0000000709200000| Untracked 
|  41|0x0000000709400000, 0x0000000709400000, 0x0000000709600000|  0%| F|  |TAMS 0x0000000709400000| PB 0x0000000709400000| Untracked 
|  42|0x0000000709600000, 0x0000000709600000, 0x0000000709800000|  0%| F|  |TAMS 0x0000000709600000| PB 0x0000000709600000| Untracked 
|  43|0x0000000709800000, 0x0000000709800000, 0x0000000709a00000|  0%| F|  |TAMS 0x0000000709800000| PB 0x0000000709800000| Untracked 
|  44|0x0000000709a00000, 0x0000000709a00000, 0x0000000709c00000|  0%| F|  |TAMS 0x0000000709a00000| PB 0x0000000709a00000| Untracked 
|  45|0x0000000709c00000, 0x0000000709c00000, 0x0000000709e00000|  0%| F|  |TAMS 0x0000000709c00000| PB 0x0000000709c00000| Untracked 
|  46|0x0000000709e00000, 0x0000000709e00000, 0x000000070a000000|  0%| F|  |TAMS 0x0000000709e00000| PB 0x0000000709e00000| Untracked 
|  47|0x000000070a000000, 0x000000070a000000, 0x000000070a200000|  0%| F|  |TAMS 0x000000070a000000| PB 0x000000070a000000| Untracked 
|  48|0x000000070a200000, 0x000000070a200000, 0x000000070a400000|  0%| F|  |TAMS 0x000000070a200000| PB 0x000000070a200000| Untracked 
|  49|0x000000070a400000, 0x000000070a400000, 0x000000070a600000|  0%| F|  |TAMS 0x000000070a400000| PB 0x000000070a400000| Untracked 
|  50|0x000000070a600000, 0x000000070a600000, 0x000000070a800000|  0%| F|  |TAMS 0x000000070a600000| PB 0x000000070a600000| Untracked 
|  51|0x000000070a800000, 0x000000070a800000, 0x000000070aa00000|  0%| F|  |TAMS 0x000000070a800000| PB 0x000000070a800000| Untracked 
|  52|0x000000070aa00000, 0x000000070aa00000, 0x000000070ac00000|  0%| F|  |TAMS 0x000000070aa00000| PB 0x000000070aa00000| Untracked 
|  53|0x000000070ac00000, 0x000000070ac00000, 0x000000070ae00000|  0%| F|  |TAMS 0x000000070ac00000| PB 0x000000070ac00000| Untracked 
|  54|0x000000070ae00000, 0x000000070ae00000, 0x000000070b000000|  0%| F|  |TAMS 0x000000070ae00000| PB 0x000000070ae00000| Untracked 
|  55|0x000000070b000000, 0x000000070b000000, 0x000000070b200000|  0%| F|  |TAMS 0x000000070b000000| PB 0x000000070b000000| Untracked 
|  56|0x000000070b200000, 0x000000070b200000, 0x000000070b400000|  0%| F|  |TAMS 0x000000070b200000| PB 0x000000070b200000| Untracked 
|  57|0x000000070b400000, 0x000000070b400000, 0x000000070b600000|  0%| F|  |TAMS 0x000000070b400000| PB 0x000000070b400000| Untracked 
|  58|0x000000070b600000, 0x000000070b600000, 0x000000070b800000|  0%| F|  |TAMS 0x000000070b600000| PB 0x000000070b600000| Untracked 
|  59|0x000000070b800000, 0x000000070b800000, 0x000000070ba00000|  0%| F|  |TAMS 0x000000070b800000| PB 0x000000070b800000| Untracked 
|  60|0x000000070ba00000, 0x000000070ba00000, 0x000000070bc00000|  0%| F|  |TAMS 0x000000070ba00000| PB 0x000000070ba00000| Untracked 
|  61|0x000000070bc00000, 0x000000070bc00000, 0x000000070be00000|  0%| F|  |TAMS 0x000000070bc00000| PB 0x000000070bc00000| Untracked 
|  62|0x000000070be00000, 0x000000070be00000, 0x000000070c000000|  0%| F|  |TAMS 0x000000070be00000| PB 0x000000070be00000| Untracked 
|  63|0x000000070c000000, 0x000000070c000000, 0x000000070c200000|  0%| F|  |TAMS 0x000000070c000000| PB 0x000000070c000000| Untracked 
|  64|0x000000070c200000, 0x000000070c200000, 0x000000070c400000|  0%| F|  |TAMS 0x000000070c200000| PB 0x000000070c200000| Untracked 
|  65|0x000000070c400000, 0x000000070c400000, 0x000000070c600000|  0%| F|  |TAMS 0x000000070c400000| PB 0x000000070c400000| Untracked 
|  66|0x000000070c600000, 0x000000070c600000, 0x000000070c800000|  0%| F|  |TAMS 0x000000070c600000| PB 0x000000070c600000| Untracked 
|  67|0x000000070c800000, 0x000000070c800000, 0x000000070ca00000|  0%| F|  |TAMS 0x000000070c800000| PB 0x000000070c800000| Untracked 
|  68|0x000000070ca00000, 0x000000070ca00000, 0x000000070cc00000|  0%| F|  |TAMS 0x000000070ca00000| PB 0x000000070ca00000| Untracked 
|  69|0x000000070cc00000, 0x000000070cc00000, 0x000000070ce00000|  0%| F|  |TAMS 0x000000070cc00000| PB 0x000000070cc00000| Untracked 
|  70|0x000000070ce00000, 0x000000070ce00000, 0x000000070d000000|  0%| F|  |TAMS 0x000000070ce00000| PB 0x000000070ce00000| Untracked 
|  71|0x000000070d000000, 0x000000070d000000, 0x000000070d200000|  0%| F|  |TAMS 0x000000070d000000| PB 0x000000070d000000| Untracked 
|  72|0x000000070d200000, 0x000000070d200000, 0x000000070d400000|  0%| F|  |TAMS 0x000000070d200000| PB 0x000000070d200000| Untracked 
|  73|0x000000070d400000, 0x000000070d400000, 0x000000070d600000|  0%| F|  |TAMS 0x000000070d400000| PB 0x000000070d400000| Untracked 
|  74|0x000000070d600000, 0x000000070d600000, 0x000000070d800000|  0%| F|  |TAMS 0x000000070d600000| PB 0x000000070d600000| Untracked 
|  75|0x000000070d800000, 0x000000070d800000, 0x000000070da00000|  0%| F|  |TAMS 0x000000070d800000| PB 0x000000070d800000| Untracked 
|  76|0x000000070da00000, 0x000000070da00000, 0x000000070dc00000|  0%| F|  |TAMS 0x000000070da00000| PB 0x000000070da00000| Untracked 
|  77|0x000000070dc00000, 0x000000070dc00000, 0x000000070de00000|  0%| F|  |TAMS 0x000000070dc00000| PB 0x000000070dc00000| Untracked 
|  78|0x000000070de00000, 0x000000070de00000, 0x000000070e000000|  0%| F|  |TAMS 0x000000070de00000| PB 0x000000070de00000| Untracked 
|  79|0x000000070e000000, 0x000000070e000000, 0x000000070e200000|  0%| F|  |TAMS 0x000000070e000000| PB 0x000000070e000000| Untracked 
|  80|0x000000070e200000, 0x000000070e200000, 0x000000070e400000|  0%| F|  |TAMS 0x000000070e200000| PB 0x000000070e200000| Untracked 
|  81|0x000000070e400000, 0x000000070e400000, 0x000000070e600000|  0%| F|  |TAMS 0x000000070e400000| PB 0x000000070e400000| Untracked 
|  82|0x000000070e600000, 0x000000070e600000, 0x000000070e800000|  0%| F|  |TAMS 0x000000070e600000| PB 0x000000070e600000| Untracked 
|  83|0x000000070e800000, 0x000000070e800000, 0x000000070ea00000|  0%| F|  |TAMS 0x000000070e800000| PB 0x000000070e800000| Untracked 
|  84|0x000000070ea00000, 0x000000070ea00000, 0x000000070ec00000|  0%| F|  |TAMS 0x000000070ea00000| PB 0x000000070ea00000| Untracked 
|  85|0x000000070ec00000, 0x000000070ec00000, 0x000000070ee00000|  0%| F|  |TAMS 0x000000070ec00000| PB 0x000000070ec00000| Untracked 
|  86|0x000000070ee00000, 0x000000070ee00000, 0x000000070f000000|  0%| F|  |TAMS 0x000000070ee00000| PB 0x000000070ee00000| Untracked 
|  87|0x000000070f000000, 0x000000070f000000, 0x000000070f200000|  0%| F|  |TAMS 0x000000070f000000| PB 0x000000070f000000| Untracked 
|  88|0x000000070f200000, 0x000000070f200000, 0x000000070f400000|  0%| F|  |TAMS 0x000000070f200000| PB 0x000000070f200000| Untracked 
|  89|0x000000070f400000, 0x000000070f400000, 0x000000070f600000|  0%| F|  |TAMS 0x000000070f400000| PB 0x000000070f400000| Untracked 
|  90|0x000000070f600000, 0x000000070f600000, 0x000000070f800000|  0%| F|  |TAMS 0x000000070f600000| PB 0x000000070f600000| Untracked 
|  91|0x000000070f800000, 0x000000070f800000, 0x000000070fa00000|  0%| F|  |TAMS 0x000000070f800000| PB 0x000000070f800000| Untracked 
|  92|0x000000070fa00000, 0x000000070fa00000, 0x000000070fc00000|  0%| F|  |TAMS 0x000000070fa00000| PB 0x000000070fa00000| Untracked 
|  93|0x000000070fc00000, 0x000000070fc00000, 0x000000070fe00000|  0%| F|  |TAMS 0x000000070fc00000| PB 0x000000070fc00000| Untracked 
|  94|0x000000070fe00000, 0x000000070fe00000, 0x0000000710000000|  0%| F|  |TAMS 0x000000070fe00000| PB 0x000000070fe00000| Untracked 
|  95|0x0000000710000000, 0x0000000710000000, 0x0000000710200000|  0%| F|  |TAMS 0x0000000710000000| PB 0x0000000710000000| Untracked 
|  96|0x0000000710200000, 0x0000000710200000, 0x0000000710400000|  0%| F|  |TAMS 0x0000000710200000| PB 0x0000000710200000| Untracked 
|  97|0x0000000710400000, 0x0000000710400000, 0x0000000710600000|  0%| F|  |TAMS 0x0000000710400000| PB 0x0000000710400000| Untracked 
|  98|0x0000000710600000, 0x0000000710600000, 0x0000000710800000|  0%| F|  |TAMS 0x0000000710600000| PB 0x0000000710600000| Untracked 
|  99|0x0000000710800000, 0x0000000710800000, 0x0000000710a00000|  0%| F|  |TAMS 0x0000000710800000| PB 0x0000000710800000| Untracked 
| 100|0x0000000710a00000, 0x0000000710a00000, 0x0000000710c00000|  0%| F|  |TAMS 0x0000000710a00000| PB 0x0000000710a00000| Untracked 
| 101|0x0000000710c00000, 0x0000000710c00000, 0x0000000710e00000|  0%| F|  |TAMS 0x0000000710c00000| PB 0x0000000710c00000| Untracked 
| 102|0x0000000710e00000, 0x0000000710e00000, 0x0000000711000000|  0%| F|  |TAMS 0x0000000710e00000| PB 0x0000000710e00000| Untracked 
| 103|0x0000000711000000, 0x0000000711000000, 0x0000000711200000|  0%| F|  |TAMS 0x0000000711000000| PB 0x0000000711000000| Untracked 
| 104|0x0000000711200000, 0x0000000711200000, 0x0000000711400000|  0%| F|  |TAMS 0x0000000711200000| PB 0x0000000711200000| Untracked 
| 105|0x0000000711400000, 0x0000000711400000, 0x0000000711600000|  0%| F|  |TAMS 0x0000000711400000| PB 0x0000000711400000| Untracked 
| 106|0x0000000711600000, 0x0000000711600000, 0x0000000711800000|  0%| F|  |TAMS 0x0000000711600000| PB 0x0000000711600000| Untracked 
| 107|0x0000000711800000, 0x0000000711800000, 0x0000000711a00000|  0%| F|  |TAMS 0x0000000711800000| PB 0x0000000711800000| Untracked 
| 108|0x0000000711a00000, 0x0000000711a00000, 0x0000000711c00000|  0%| F|  |TAMS 0x0000000711a00000| PB 0x0000000711a00000| Untracked 
| 109|0x0000000711c00000, 0x0000000711c00000, 0x0000000711e00000|  0%| F|  |TAMS 0x0000000711c00000| PB 0x0000000711c00000| Untracked 
| 110|0x0000000711e00000, 0x0000000711e00000, 0x0000000712000000|  0%| F|  |TAMS 0x0000000711e00000| PB 0x0000000711e00000| Untracked 
| 111|0x0000000712000000, 0x0000000712000000, 0x0000000712200000|  0%| F|  |TAMS 0x0000000712000000| PB 0x0000000712000000| Untracked 
| 112|0x0000000712200000, 0x0000000712200000, 0x0000000712400000|  0%| F|  |TAMS 0x0000000712200000| PB 0x0000000712200000| Untracked 
| 113|0x0000000712400000, 0x0000000712400000, 0x0000000712600000|  0%| F|  |TAMS 0x0000000712400000| PB 0x0000000712400000| Untracked 
| 114|0x0000000712600000, 0x0000000712600000, 0x0000000712800000|  0%| F|  |TAMS 0x0000000712600000| PB 0x0000000712600000| Untracked 
| 115|0x0000000712800000, 0x0000000712800000, 0x0000000712a00000|  0%| F|  |TAMS 0x0000000712800000| PB 0x0000000712800000| Untracked 
| 116|0x0000000712a00000, 0x0000000712a00000, 0x0000000712c00000|  0%| F|  |TAMS 0x0000000712a00000| PB 0x0000000712a00000| Untracked 
| 117|0x0000000712c00000, 0x0000000712c00000, 0x0000000712e00000|  0%| F|  |TAMS 0x0000000712c00000| PB 0x0000000712c00000| Untracked 
| 118|0x0000000712e00000, 0x0000000712e00000, 0x0000000713000000|  0%| F|  |TAMS 0x0000000712e00000| PB 0x0000000712e00000| Untracked 
| 119|0x0000000713000000, 0x0000000713000000, 0x0000000713200000|  0%| F|  |TAMS 0x0000000713000000| PB 0x0000000713000000| Untracked 
| 120|0x0000000713200000, 0x0000000713200000, 0x0000000713400000|  0%| F|  |TAMS 0x0000000713200000| PB 0x0000000713200000| Untracked 
| 121|0x0000000713400000, 0x0000000713400000, 0x0000000713600000|  0%| F|  |TAMS 0x0000000713400000| PB 0x0000000713400000| Untracked 
| 122|0x0000000713600000, 0x0000000713600000, 0x0000000713800000|  0%| F|  |TAMS 0x0000000713600000| PB 0x0000000713600000| Untracked 
| 123|0x0000000713800000, 0x0000000713800000, 0x0000000713a00000|  0%| F|  |TAMS 0x0000000713800000| PB 0x0000000713800000| Untracked 
| 124|0x0000000713a00000, 0x0000000713c00000, 0x0000000713c00000|100%| E|  |TAMS 0x0000000713a00000| PB 0x0000000713a00000| Complete 
| 125|0x0000000713c00000, 0x0000000713e00000, 0x0000000713e00000|100%| E|CS|TAMS 0x0000000713c00000| PB 0x0000000713c00000| Complete 

Card table byte_map: [0x000001ccf8c60000,0x000001ccf9440000] _byte_map_base: 0x000001ccf543f000

Marking Bits: (CMBitMap*) 0x000001ccf0107780
 Bits: [0x000001ccf9c20000, 0x000001ccfdb18000)

Polling page: 0x000001ccee0a0000

Metaspace:

Usage:
  Non-class:    651.20 KB used.
      Class:     59.86 KB used.
       Both:    711.06 KB used.

Virtual space:
  Non-class space:       64.00 MB reserved,     768.00 KB (  1%) committed,  1 nodes.
      Class space:        1.00 GB reserved,     128.00 KB ( <1%) committed,  1 nodes.
             Both:        1.06 GB reserved,     896.00 KB ( <1%) committed. 

Chunk freelists:
   Non-Class:  3.86 MB
       Class:  3.72 MB
        Both:  7.58 MB

MaxMetaspaceSize: unlimited
CompressedClassSpaceSize: 1.00 GB
Initial GC threshold: 21.00 MB
Current GC threshold: 21.00 MB
CDS: on
MetaspaceReclaimPolicy: balanced
 - commit_granule_bytes: 65536.
 - commit_granule_words: 8192.
 - virtual_space_node_default_size: 8388608.
 - enlarge_chunks_in_place: 1.
 - new_chunks_are_fully_committed: 0.
 - uncommit_free_chunks: 1.
 - use_allocation_guard: 0.


Internal statistics:

num_allocs_failed_limit: 0.
num_arena_births: 26.
num_arena_deaths: 0.
num_vsnodes_births: 2.
num_vsnodes_deaths: 0.
num_space_committed: 14.
num_space_uncommitted: 0.
num_chunks_returned_to_freelist: 0.
num_chunks_taken_from_freelist: 38.
num_chunk_merges: 0.
num_chunk_splits: 25.
num_chunks_enlarged: 15.
num_inconsistent_stats: 0.

CodeHeap 'non-profiled nmethods': size=120000Kb used=108Kb max_used=108Kb free=119891Kb
 bounds [0x000001cc87ad0000, 0x000001cc87d40000, 0x000001cc8f000000]
CodeHeap 'profiled nmethods': size=120000Kb used=350Kb max_used=350Kb free=119649Kb
 bounds [0x000001cc80000000, 0x000001cc80270000, 0x000001cc87530000]
CodeHeap 'non-nmethods': size=5760Kb used=1475Kb max_used=1490Kb free=4284Kb
 bounds [0x000001cc87530000, 0x000001cc877a0000, 0x000001cc87ad0000]
 total_blobs=757 nmethods=330 adapters=338
 compilation: enabled
              stopped_count=0, restarted_count=0
 full_count=0

Compilation events (20 events):
Event: 0.103 Thread 0x000001cc8f6075b0  318       3       jdk.internal.org.objectweb.asm.SymbolTable::addConstantUtf8 (98 bytes)
Event: 0.103 Thread 0x000001cc8f6075b0 nmethod 318 0x000001cc80054d90 code [0x000001cc80054fa0, 0x000001cc800555b0]
Event: 0.103 Thread 0x000001cc8f6075b0  322       3       java.lang.invoke.MemberName::getReferenceKind (12 bytes)
Event: 0.103 Thread 0x000001cc8f6075b0 nmethod 322 0x000001cc80055910 code [0x000001cc80055aa0, 0x000001cc80055bb8]
Event: 0.103 Thread 0x000001cc8f6075b0  321       3       java.lang.invoke.LambdaForm$Name::initIndex (26 bytes)
Event: 0.104 Thread 0x000001cc8f6075b0 nmethod 321 0x000001cc80055c90 code [0x000001cc80055e20, 0x000001cc80055fe0]
Event: 0.104 Thread 0x000001cc8f6075b0  319       3       java.lang.invoke.MethodType::equals (31 bytes)
Event: 0.104 Thread 0x000001cc8f6075b0 nmethod 319 0x000001cc80056090 code [0x000001cc80056220, 0x000001cc80056408]
Event: 0.104 Thread 0x000001cc8f6075b0  325       3       java.lang.invoke.MemberName::isStatic (8 bytes)
Event: 0.104 Thread 0x000001cc8f6075b0 nmethod 325 0x000001cc80056510 code [0x000001cc800566a0, 0x000001cc80056870]
Event: 0.104 Thread 0x000001cc8f6075b0  326       1       java.lang.invoke.LambdaForm$Name::index (5 bytes)
Event: 0.104 Thread 0x000001cc8f6075b0 nmethod 326 0x000001cc87aeab10 code [0x000001cc87aeac80, 0x000001cc87aead48]
Event: 0.104 Thread 0x000001cc8f6075b0  327       3       jdk.internal.org.objectweb.asm.ByteVector::putShort (52 bytes)
Event: 0.104 Thread 0x000001cc8f6075b0 nmethod 327 0x000001cc80056910 code [0x000001cc80056aa0, 0x000001cc80056cb0]
Event: 0.104 Thread 0x000001cc8f6075b0  328       1       java.lang.invoke.MethodTypeForm::basicType (5 bytes)
Event: 0.104 Thread 0x000001cc8f6075b0 nmethod 328 0x000001cc87aeae10 code [0x000001cc87aeaf80, 0x000001cc87aeb050]
Event: 0.106 Thread 0x000001cc8f6075b0  329       3       java.util.concurrent.locks.ReentrantLock$NonfairSync::initialTryLock (58 bytes)
Event: 0.106 Thread 0x000001cc8f6075b0 nmethod 329 0x000001cc80056e10 code [0x000001cc80056fe0, 0x000001cc800573e0]
Event: 0.106 Thread 0x000001cc8f6075b0  330       3       java.util.concurrent.locks.ReentrantLock$Sync::tryRelease (51 bytes)
Event: 0.106 Thread 0x000001cc8f6075b0 nmethod 330 0x000001cc80057510 code [0x000001cc800576c0, 0x000001cc800579f0]

GC Heap History (0 events):
No events

Dll operation events (7 events):
Event: 0.009 Loaded shared library C:\Program Files\Java\jdk-20\bin\java.dll
Event: 0.019 Loaded shared library C:\Program Files\Java\jdk-20\bin\jsvml.dll
Event: 0.049 Loaded shared library C:\Program Files\Java\jdk-20\bin\net.dll
Event: 0.051 Loaded shared library C:\Program Files\Java\jdk-20\bin\nio.dll
Event: 0.056 Loaded shared library C:\Program Files\Java\jdk-20\bin\zip.dll
Event: 0.074 Loaded shared library C:\Program Files\Java\jdk-20\bin\jimage.dll
Event: 0.112 Loaded shared library C:\Users\range\.jssc\windows\jSSC-2.8_x86_64.dll

Deoptimization events (8 events):
Event: 0.104 Thread 0x000001ccf00969c0 Uncommon trap: trap_request=0xffffff45 fr.pc=0x000001cc87ae42d0 relative=0x0000000000000150
Event: 0.104 Thread 0x000001ccf00969c0 Uncommon trap: reason=unstable_if action=reinterpret pc=0x000001cc87ae42d0 method=java.util.concurrent.locks.ReentrantLock$NonfairSync.initialTryLock()Z @ 10 c2
Event: 0.104 Thread 0x000001ccf00969c0 DEOPT PACKING pc=0x000001cc87ae42d0 sp=0x00000074483fec10
Event: 0.104 Thread 0x000001ccf00969c0 DEOPT UNPACKING pc=0x000001cc8754d2a2 sp=0x00000074483febb8 mode 2
Event: 0.104 Thread 0x000001ccf00969c0 Uncommon trap: trap_request=0xffffff45 fr.pc=0x000001cc87ae0054 relative=0x00000000000000d4
Event: 0.104 Thread 0x000001ccf00969c0 Uncommon trap: reason=unstable_if action=reinterpret pc=0x000001cc87ae0054 method=java.util.concurrent.locks.ReentrantLock$Sync.tryRelease(I)Z @ 26 c2
Event: 0.104 Thread 0x000001ccf00969c0 DEOPT PACKING pc=0x000001cc87ae0054 sp=0x00000074483fec10
Event: 0.104 Thread 0x000001ccf00969c0 DEOPT UNPACKING pc=0x000001cc8754d2a2 sp=0x00000074483febb0 mode 2

Classes loaded (20 events):
Event: 0.090 Loading class sun/util/calendar/ZoneInfoFile$Checksum
Event: 0.090 Loading class sun/util/calendar/ZoneInfoFile$Checksum done
Event: 0.090 Loading class java/time/zone/ZoneRulesProvider
Event: 0.091 Loading class java/time/zone/ZoneRulesProvider done
Event: 0.091 Loading class java/time/zone/ZoneRulesProvider$1
Event: 0.091 Loading class java/time/zone/ZoneRulesProvider$1 done
Event: 0.091 Loading class java/time/zone/TzdbZoneRulesProvider
Event: 0.091 Loading class java/time/zone/TzdbZoneRulesProvider done
Event: 0.094 Loading class java/time/zone/Ser
Event: 0.094 Loading class java/io/Externalizable
Event: 0.094 Loading class java/io/Externalizable done
Event: 0.094 Loading class java/time/zone/Ser done
Event: 0.095 Loading class java/time/zone/ZoneOffsetTransition
Event: 0.095 Loading class java/time/zone/ZoneOffsetTransition done
Event: 0.106 Loading class java/lang/SecurityException
Event: 0.106 Loading class java/lang/SecurityException done
Event: 0.107 Loading class java/lang/InterruptedException
Event: 0.107 Loading class java/lang/InterruptedException done
Event: 0.108 Loading class java/io/IOException
Event: 0.108 Loading class java/io/IOException done

Classes unloaded (0 events):
No events

Classes redefined (0 events):
No events

Internal exceptions (0 events):
No events

VM Operations (2 events):
Event: 0.062 Executing VM operation: HandshakeAllThreads
Event: 0.062 Executing VM operation: HandshakeAllThreads done

Events (12 events):
Event: 0.019 Thread 0x000001ccf00969c0 Thread added: 0x000001ccf00969c0
Event: 0.030 Thread 0x000001cc8f5ed690 Thread added: 0x000001cc8f5ed690
Event: 0.030 Thread 0x000001cc8f5ee2c0 Thread added: 0x000001cc8f5ee2c0
Event: 0.030 Thread 0x000001cc8f5f1240 Thread added: 0x000001cc8f5f1240
Event: 0.030 Thread 0x000001cc8f5f4180 Thread added: 0x000001cc8f5f4180
Event: 0.031 Thread 0x000001cc8f5f7ea0 Thread added: 0x000001cc8f5f7ea0
Event: 0.031 Thread 0x000001cc8f5f8cd0 Thread added: 0x000001cc8f5f8cd0
Event: 0.031 Thread 0x000001cc8f603600 Thread added: 0x000001cc8f603600
Event: 0.031 Thread 0x000001cc8f6075b0 Thread added: 0x000001cc8f6075b0
Event: 0.044 Thread 0x000001cc93905870 Thread added: 0x000001cc93905870
Event: 0.046 Thread 0x000001cc93916080 Thread added: 0x000001cc93916080
Event: 0.092 Thread 0x000001cc939e7c20 Thread added: 0x000001cc939e7c20


Dynamic libraries:
0x00007ff7b0230000 - 0x00007ff7b0240000 	C:\Program Files\Java\jdk-20\bin\java.exe
0x00007ffd40050000 - 0x00007ffd40264000 	C:\Windows\SYSTEM32\ntdll.dll
0x00007ffd3e710000 - 0x00007ffd3e7d2000 	C:\Windows\System32\KERNEL32.DLL
0x00007ffd3d4c0000 - 0x00007ffd3d863000 	C:\Windows\System32\KERNELBASE.dll
0x00007ffd3dbc0000 - 0x00007ffd3dcd1000 	C:\Windows\System32\ucrtbase.dll
0x00007ffd37ba0000 - 0x00007ffd37bbb000 	C:\Program Files\Java\jdk-20\bin\VCRUNTIME140.dll
0x00007ffd2ee30000 - 0x00007ffd2ee49000 	C:\Program Files\Java\jdk-20\bin\jli.dll
0x00007ffd3f9e0000 - 0x00007ffd3fa8e000 	C:\Windows\System32\ADVAPI32.dll
0x00007ffd3ee80000 - 0x00007ffd3ef27000 	C:\Windows\System32\msvcrt.dll
0x00007ffd3de40000 - 0x00007ffd3dee4000 	C:\Windows\System32\sechost.dll
0x00007ffd3def0000 - 0x00007ffd3e007000 	C:\Windows\System32\RPCRT4.dll
0x00007ffd3e3a0000 - 0x00007ffd3e54a000 	C:\Windows\System32\USER32.dll
0x00007ffd3dce0000 - 0x00007ffd3dd06000 	C:\Windows\System32\win32u.dll
0x00007ffd271a0000 - 0x00007ffd2742e000 	C:\Windows\WinSxS\amd64_microsoft.windows.common-controls_6595b64144ccf1df_6.0.22621.1635_none_270f70857386168e\COMCTL32.dll
0x00007ffd3efa0000 - 0x00007ffd3efc9000 	C:\Windows\System32\GDI32.dll
0x00007ffd3dd10000 - 0x00007ffd3de29000 	C:\Windows\System32\gdi32full.dll
0x00007ffd3d9b0000 - 0x00007ffd3da4a000 	C:\Windows\System32\msvcp_win.dll
0x00007ffd2d890000 - 0x00007ffd2d89a000 	C:\Windows\SYSTEM32\VERSION.dll
0x00007ffd3f7e0000 - 0x00007ffd3f811000 	C:\Windows\System32\IMM32.DLL
0x00007ffd38390000 - 0x00007ffd3839c000 	C:\Program Files\Java\jdk-20\bin\vcruntime140_1.dll
0x00007ffd24230000 - 0x00007ffd242be000 	C:\Program Files\Java\jdk-20\bin\msvcp140.dll
0x00007ffcccd40000 - 0x00007ffccd9d7000 	C:\Program Files\Java\jdk-20\bin\server\jvm.dll
0x00007ffd38460000 - 0x00007ffd38469000 	C:\Windows\SYSTEM32\WSOCK32.dll
0x00007ffd3aef0000 - 0x00007ffd3af24000 	C:\Windows\SYSTEM32\WINMM.dll
0x00007ffd3ee00000 - 0x00007ffd3ee71000 	C:\Windows\System32\WS2_32.dll
0x00007ffd3c540000 - 0x00007ffd3c558000 	C:\Windows\SYSTEM32\kernel.appcore.dll
0x00007ffd37180000 - 0x00007ffd3718a000 	C:\Program Files\Java\jdk-20\bin\jimage.dll
0x00007ffd3ac50000 - 0x00007ffd3ae7e000 	C:\Windows\SYSTEM32\DBGHELP.DLL
0x00007ffd3e010000 - 0x00007ffd3e399000 	C:\Windows\System32\combase.dll
0x00007ffd3ebd0000 - 0x00007ffd3eca7000 	C:\Windows\System32\OLEAUT32.dll
0x00007ffd3ac10000 - 0x00007ffd3ac42000 	C:\Windows\SYSTEM32\dbgcore.DLL
0x00007ffd3d930000 - 0x00007ffd3d9aa000 	C:\Windows\System32\bcryptPrimitives.dll
0x00007ffd2fb00000 - 0x00007ffd2fb26000 	C:\Program Files\Java\jdk-20\bin\java.dll
0x00007ffd01850000 - 0x00007ffd01927000 	C:\Program Files\Java\jdk-20\bin\jsvml.dll
0x00007ffd3efd0000 - 0x00007ffd3f7c9000 	C:\Windows\System32\SHELL32.dll
0x00007ffd3b400000 - 0x00007ffd3bcce000 	C:\Windows\SYSTEM32\windows.storage.dll
0x00007ffd3b2c0000 - 0x00007ffd3b3fe000 	C:\Windows\SYSTEM32\wintypes.dll
0x00007ffd3fa90000 - 0x00007ffd3fb81000 	C:\Windows\System32\SHCORE.dll
0x00007ffd3e8f0000 - 0x00007ffd3e94e000 	C:\Windows\System32\shlwapi.dll
0x00007ffd3d380000 - 0x00007ffd3d3a6000 	C:\Windows\SYSTEM32\profapi.dll
0x00007ffd30360000 - 0x00007ffd30373000 	C:\Program Files\Java\jdk-20\bin\net.dll
0x00007ffd37940000 - 0x00007ffd37a77000 	C:\Windows\SYSTEM32\WINHTTP.dll
0x00007ffd3c9b0000 - 0x00007ffd3ca19000 	C:\Windows\system32\mswsock.dll
0x00007ffd2f190000 - 0x00007ffd2f1a6000 	C:\Program Files\Java\jdk-20\bin\nio.dll
0x00007ffd2f140000 - 0x00007ffd2f158000 	C:\Program Files\Java\jdk-20\bin\zip.dll
0x0000000071100000 - 0x0000000071125000 	C:\Users\range\.jssc\windows\jSSC-2.8_x86_64.dll

dbghelp: loaded successfully - version: 4.0.5 - missing functions: none
symbol engine: initialized successfully - sym options: 0x614 - pdb path: .;C:\Program Files\Java\jdk-20\bin;C:\Windows\SYSTEM32;C:\Windows\WinSxS\amd64_microsoft.windows.common-controls_6595b64144ccf1df_6.0.22621.1635_none_270f70857386168e;C:\Program Files\Java\jdk-20\bin\server;C:\Users\range\.jssc\windows

VM Arguments:
jvm_args: -Dfile.encoding=UTF-8 
java_command: projectwitharduino.ProjectWithArduino
java_class_path (initial): C:\Users\range\Downloads\PanamaHitek_Arduino-3.0.3-javadoc.jar;C:\Users\range\Downloads\PanamaHitek_Arduino-3.0.3.jar;C:\Users\range\Downloads\jSerialComm-2.10.3.jar;C:\Users\range\OneDrive\Documentos\NetBeansProjects\ProjectAM\build\classes
Launcher Type: SUN_STANDARD

[Global flags]
     intx CICompilerCount                          = 4                                         {product} {ergonomic}
     uint ConcGCThreads                            = 2                                         {product} {ergonomic}
     uint G1ConcRefinementThreads                  = 8                                         {product} {ergonomic}
   size_t G1HeapRegionSize                         = 2097152                                   {product} {ergonomic}
    uintx GCDrainStackTargetSize                   = 64                                        {product} {ergonomic}
   size_t InitialHeapSize                          = 264241152                                 {product} {ergonomic}
   size_t MarkStackSize                            = 4194304                                   {product} {ergonomic}
   size_t MaxHeapSize                              = 4225761280                                {product} {ergonomic}
   size_t MaxNewSize                               = 2535456768                                {product} {ergonomic}
   size_t MinHeapDeltaBytes                        = 2097152                                   {product} {ergonomic}
   size_t MinHeapSize                              = 8388608                                   {product} {ergonomic}
    uintx NonNMethodCodeHeapSize                   = 5839372                                {pd product} {ergonomic}
    uintx NonProfiledCodeHeapSize                  = 122909434                              {pd product} {ergonomic}
    uintx ProfiledCodeHeapSize                     = 122909434                              {pd product} {ergonomic}
    uintx ReservedCodeCacheSize                    = 251658240                              {pd product} {ergonomic}
     bool SegmentedCodeCache                       = true                                      {product} {ergonomic}
   size_t SoftMaxHeapSize                          = 4225761280                             {manageable} {ergonomic}
     bool UseCompressedClassPointers               = true                           {product lp64_product} {ergonomic}
     bool UseCompressedOops                        = true                           {product lp64_product} {ergonomic}
     bool UseG1GC                                  = true                                      {product} {ergonomic}
     bool UseLargePagesIndividualAllocation        = false                                  {pd product} {ergonomic}

Logging:
Log output configuration:
 #0: stdout all=warning uptime,level,tags foldmultilines=false
 #1: stderr all=off uptime,level,tags foldmultilines=false

Environment Variables:
PATH=C:\Program Files\Common Files\Oracle\Java\javapath;C:\Windows\system32;C:\Windows;C:\Windows\System32\Wbem;C:\Windows\System32\WindowsPowerShell\v1.0\;C:\Windows\System32\OpenSSH\;C:\Program Files\dotnet\;C:\Program Files\NVIDIA Corporation\NVIDIA NvDLISR;C:\Program Files (x86)\NVIDIA Corporation\PhysX\Common;C:\Users\range\AppData\Local\Microsoft\WindowsApps;;C:\Users\range\AppData\Local\Programs\Microsoft VS Code\bin
USERNAME=range
OS=Windows_NT
PROCESSOR_IDENTIFIER=Intel64 Family 6 Model 140 Stepping 1, GenuineIntel
TMP=C:\Users\range\AppData\Local\Temp
TEMP=C:\Users\range\AppData\Local\Temp




---------------  S Y S T E M  ---------------

OS:
 Windows 11 , 64 bit Build 22621 (10.0.22621.1928)
OS uptime: 16 days 3:57 hours
Hyper-V role detected

CPU: total 8 (initial active 8) (4 cores per cpu, 2 threads per core) family 6 model 140 stepping 1 microcode 0xa4, cx8, cmov, fxsr, ht, mmx, 3dnowpref, sse, sse2, sse3, ssse3, sse4.1, sse4.2, popcnt, lzcnt, tsc, tscinvbit, avx, avx2, aes, erms, clmul, bmi1, bmi2, adx, avx512f, avx512dq, avx512cd, avx512bw, avx512vl, sha, fma, vzeroupper, avx512_vpopcntdq, avx512_vpclmulqdq, avx512_vaes, avx512_vnni, clflush, clflushopt, clwb, avx512_vbmi2, avx512_vbmi, hv, rdtscp, rdpid, fsrm, gfni, avx512_bitalg, f16c, cet_ibt, cet_ss, avx512_ifma

Memory: 4k page, system-wide physical 16118M (6288M free)
TotalPageFile size 19062M (AvailPageFile size 5151M)
current process WorkingSet (physical memory assigned to process): 37M, peak: 37M
current process commit charge ("private bytes"): 337M, peak: 337M

vm_info: Java HotSpot(TM) 64-Bit Server VM (20.0.1+9-29) for windows-amd64 JRE (20.0.1+9-29), built on 2023-03-07T13:56:11Z by "mach5one" with MS VC++ 17.1 (VS2022)

END.
